{"name":"Initialisation","id":"ui.FindFlightsUITest:Initialisation","testCaseName":"ui.FindFlightsUITest","userStory":{"id":"ui.FindFlightsUITest","storyName":"Find flights UI test","storyClassName":"ui.FindFlightsUITest","path":"ui","type":"story"},"featureTag":{"name":"Ui/Find flights UI test","type":"story"},"title":"Initialisation","tags":[{"name":"Ui/Find flights UI test","type":"story"}],"startTime":"2019-02-27T11:29:28.302+03:00[Africa/Nairobi]","duration":0,"testFailureCause":{"errorType":"net.thucydides.core.pages.WrongPageError","message":"The page object class pages.HomePage looks dodgy:\nFailed to instantiate page (net.thucydides.core.webdriver.UnsupportedDriverException: Could not instantiate class org.openqa.selenium.chrome.ChromeDriver)","stackTrace":[]},"testFailureClassname":"net.thucydides.core.pages.WrongPageError","testFailureMessage":"The page object class pages.HomePage looks dodgy:\nFailed to instantiate page (net.thucydides.core.webdriver.UnsupportedDriverException: Could not instantiate class org.openqa.selenium.chrome.ChromeDriver)","testFailureSummary":"FAILURE;net.thucydides.core.pages.WrongPageError;The page object class pages.HomePage looks dodgy:\nFailed to instantiate page (net.thucydides.core.webdriver.UnsupportedDriverException: Could not instantiate class org.openqa.selenium.chrome.ChromeDriver);","projectKey":"","annotatedResult":"FAILURE","manual":false,"testSource":"JUnit","result":"FAILURE"}